-------------------------------------------------------------------------------
      name:  <unnamed>
       log:  /workspace/analysis/output/an_cox.log
  log type:  text
 opened on:   6 May 2021, 16:04:53

. 
. use analysis/cr_append_process_data, clear

. 
.         
. *Composite
. *vs 2017_19-flu controls
. preserve

. keep if group==1|group==2
(123,362 observations deleted)

.         stcox exposed age1 age2 age3 male i.stp 

         failure _d:  readmission
   analysis time _t:  (exitdate-origin)
             origin:  time entrydate
  enter on or after:  time entrydate

Iteration 0:   log likelihood = -144550.76
Iteration 1:   log likelihood = -143539.51
Iteration 2:   log likelihood =  -143516.5
Iteration 3:   log likelihood = -143516.48
Iteration 4:   log likelihood = -143516.48
Refining estimates:
Iteration 0:   log likelihood = -143516.48

Cox regression -- Breslow method for ties

No. of subjects =       40,699                  Number of obs    =      40,699
No. of failures =       14,287
Time at risk    =      6058367
                                                LR chi2(36)      =     2068.56
Log likelihood  =   -143516.48                  Prob > chi2      =      0.0000

------------------------------------------------------------------------------
          _t | Haz. Ratio   Std. Err.      z    P>|z|     [95% Conf. Interval]
-------------+----------------------------------------------------------------
     exposed |   .9492004    .022537    -2.20   0.028     .9060406     .994416
        age1 |   1.009874   .0019506     5.09   0.000     1.006058    1.013704
        age2 |   1.021731   .0034029     6.45   0.000     1.015083    1.028423
        age3 |   .8843159   .0175121    -6.21   0.000     .8506504    .9193137
        male |    .989804    .016773    -0.60   0.545     .9574695     1.02323
             |
         stp |
          2  |   1.501233   .7515561     0.81   0.417     .5627489    4.004808
          3  |   1.583393   .7940907     0.92   0.359     .5925172    4.231327
          4  |   1.601114    .810359     0.93   0.352     .5937596    4.317517
          5  |   2.007507   1.023156     1.37   0.172     .7393151    5.451108
          6  |   1.656365   .8294904     1.01   0.314     .6207018    4.420068
          7  |   1.357902   .6998672     0.59   0.553     .4944885    3.728898
          8  |   1.630975   .8177693     0.98   0.329     .6104578    4.357515
          9  |   1.531429   .7720711     0.85   0.398     .5701156    4.113683
         10  |   1.659917   .8321402     1.01   0.312      .621394    4.434104
         11  |   1.620752   .8131719     0.96   0.336     .6062439     4.33297
         12  |   1.326991   .6697509     0.56   0.575      .493463    3.568464
         13  |   1.667641   .8375538     1.02   0.309     .6231551    4.462815
         14  |   1.706584   .8579669     1.06   0.288     .6370818    4.571515
         15  |   1.460461   .7335175     0.75   0.451     .5457248    3.908467
         16  |   1.556335   .7811633     0.88   0.378     .5819207    4.162386
         17  |   1.469332   .7417355     0.76   0.446     .5462906    3.951993
         18  |   1.798232   .9026258     1.17   0.242     .6723319    4.809588
         19  |   1.693823   .8528166     1.05   0.295     .6313928    4.543979
         20  |   1.612844   .8136032     0.95   0.343     .6000694     4.33494
         21  |   1.562242   .7829404     0.89   0.373     .5850007    4.171963
         22  |   1.510947   .7846055     0.79   0.427     .5460555    4.180822
         23  |   1.476991   .7434978     0.77   0.438     .5506732    3.961517
         24  |   1.312502   .7504932     0.48   0.634      .427937    4.025502
         25  |   1.323009   .6791719     0.55   0.586     .4837211    3.618516
         26  |   1.486154    .745707     0.79   0.430     .5558491    3.973479
         27  |   1.438346   .7219004     0.72   0.469     .5378343     3.84661
         28  |   1.582308    .795055     0.91   0.361     .5910059    4.236335
         29  |   1.469207   .7392043     0.76   0.444     .5480457    3.938667
         30  |   1.236349   .6222291     0.42   0.673     .4610508    3.315381
         31  |   1.242422    .735064     0.37   0.714      .389642    3.961615
         32  |     1.5948   .7986299     0.93   0.351     .5976531    4.255626
------------------------------------------------------------------------------

.         estimates save analysis/output/models/an_cox_COMPOSITEvsflu_MINADJ, r
> eplace
(note: file analysis/output/models/an_cox_COMPOSITEvsflu_MINADJ.ster not found)
file analysis/output/models/an_cox_COMPOSITEvsflu_MINADJ.ster saved

.         
.         stcox exposed age1 age2 age3 male i.stp htdiag chronic_respiratory_di
> sease i.asthmacat chronic_cardiac_disease i.diabcat i.cancer_exhaem_cat i.can
> cer_haem_cat i.reduced_kidney_function_cat2 chronic_liver_disease stroke deme
> ntia other_neuro organ_transplant spleen ra_sle_psoriasis other_immunosuppres
> sion 

         failure _d:  readmission
   analysis time _t:  (exitdate-origin)
             origin:  time entrydate
  enter on or after:  time entrydate

Iteration 0:   log likelihood = -144550.76
Iteration 1:   log likelihood = -143885.56
Iteration 2:   log likelihood = -142673.12
Iteration 3:   log likelihood =  -142439.4
Iteration 4:   log likelihood = -142400.51
Iteration 5:   log likelihood = -142398.22
Iteration 6:   log likelihood = -142398.21
Refining estimates:
Iteration 0:   log likelihood = -142398.21

Cox regression -- Breslow method for ties

No. of subjects =       40,699                  Number of obs    =      40,699
No. of failures =       14,287
Time at risk    =      6058367
                                                LR chi2(61)      =     4305.11
Log likelihood  =   -142398.21                  Prob > chi2      =      0.0000

------------------------------------------------------------------------------
          _t | Haz. Ratio   Std. Err.      z    P>|z|     [95% Conf. Interval]
-------------+----------------------------------------------------------------
     exposed |     .95589   .0228115    -1.89   0.059     .9122098    1.001662
        age1 |    1.00451   .0019477     2.32   0.020       1.0007    1.008335
        age2 |   1.010292   .0033893     3.05   0.002      1.00367    1.016956
        age3 |   .9741277    .019457    -1.31   0.189     .9367296    1.013019
        male |   .9467095   .0162818    -3.18   0.001     .9153296    .9791651
             |
         stp |
          2  |   1.714735   .8590753     1.08   0.282     .6423154    4.577681
          3  |   1.861868   .9344834     1.24   0.216     .6961865    4.979347
          4  |   1.848186   .9361346     1.21   0.225     .6848554    4.987608
          5  |   2.319393   1.183118     1.65   0.099     .8534502    6.303338
          6  |   1.849168   .9266989     1.23   0.220     .6924719    4.937995
          7  |   1.586433    .818201     0.89   0.371     .5773187    4.359412
          8  |   1.885992   .9463962     1.26   0.206     .7053497     5.04284
          9  |    1.76809   .8920839     1.13   0.259     .6577086    4.753081
         10  |   1.949345   .9779726     1.33   0.183     .7292004    5.211113
         11  |    1.90584    .956909     1.28   0.199     .7123676     5.09881
         12  |   1.553053   .7843712     0.87   0.383     .5771465    4.179137
         13  |   1.941923   .9760574     1.32   0.187     .7250996    5.200756
         14  |    1.97193    .992117     1.35   0.177      .735589    5.286252
         15  |   1.711726   .8603488     1.07   0.285     .6391499    4.584223
         16  |   1.819327   .9138979     1.19   0.234     .6797183    4.869593
         17  |   1.656614   .8369194     1.00   0.318     .6154539    4.459101
         18  |   2.095962   1.052879     1.47   0.141     .7830569    5.610136
         19  |   2.005289   1.010484     1.38   0.167     .7468762    5.384003
         20  |    1.91896   .9688403     1.29   0.197     .7133674    5.162008
         21  |   1.815724   .9106969     1.19   0.234     .6793915    4.852657
         22  |    1.78352   .9267686     1.11   0.266     .6441235    4.938408
         23  |   1.713695   .8633601     1.07   0.285     .6384075     4.60012
         24  |   1.573076   .9001636     0.79   0.429     .5124661    4.828742
         25  |   1.489479   .7652103     0.78   0.438     .5441709    4.076934
         26  |   1.772507   .8900438     1.14   0.254      .662471    4.742517
         27  |   1.731482   .8696431     1.09   0.274     .6469921    4.633797
         28  |   1.865044   .9378379     1.24   0.215     .6960845    4.997077
         29  |   1.710971   .8615502     1.07   0.286     .6377119    4.590506
         30  |   1.463122   .7369045     0.76   0.450     .5452194    3.926359
         31  |   1.681881   .9960663     0.88   0.380     .5268477    5.369148
         32  |   1.798035   .9010879     1.17   0.242     .6733134    4.801523
             |
htdiag_or_~p |   1.027387   .0201962     1.37   0.169      .988556    1.067743
chronic_re~e |   1.494765    .030018    20.02   0.000     1.437073    1.554772
             |
   asthmacat |
Yes, no OCS  |   1.059399   .0246016     2.48   0.013     1.012261    1.108731
Yes with ..  |   1.064541    .036478     1.83   0.068     .9953934    1.138492
             |
chronic_ca~e |   1.303238   .0258308    13.36   0.000     1.253582    1.354862
             |
     diabcat |
Controlle..  |    1.03043   .0232795     1.33   0.185     .9857988    1.077082
Uncontrol..  |   1.084063   .0296675     2.95   0.003     1.027448    1.143798
Diabetes,..  |   1.159597   .0747121     2.30   0.022     1.022032    1.315677
             |
cancer_exh~t |
  Last year  |   2.797536   .1294915    22.22   0.000     2.554909    3.063203
2-5 years..  |   1.582448    .063592    11.42   0.000     1.462592    1.712126
   5+ years  |   1.198523   .0357672     6.07   0.000     1.130431    1.270716
             |
cancer_hae~t |
  Last year  |   4.447753   .3836547    17.30   0.000     3.755931    5.267004
2-5 years..  |   2.173769   .1411331    11.96   0.000      1.91403    2.468755
   5+ years  |   1.750468   .1020103     9.61   0.000     1.561527     1.96227
             |
reduced_ki~2 |
Stage 3a/..  |   1.080911   .0243219     3.46   0.001     1.034277    1.129648
Stage 4 e..  |   1.504328   .0734663     8.36   0.000     1.367014    1.655436
Stage 5 e..  |   2.321441    .127195    15.37   0.000     2.085063    2.584617
             |
chronic_li~e |    1.48906   .0872607     6.79   0.000     1.327489    1.670297
      stroke |   1.202813   .0344161     6.45   0.000     1.137215    1.272194
    dementia |   1.231617   .0359843     7.13   0.000     1.163071    1.304204
 other_neuro |   1.369018   .0547661     7.85   0.000     1.265778    1.480677
organ_tran~t |   1.108989   .0928084     1.24   0.216     .9412231    1.306659
      spleen |   1.307904   .1407225     2.49   0.013     1.059234    1.614954
ra_sle_pso~s |   1.153192   .0320636     5.13   0.000      1.09203    1.217779
other_immu~n |   1.332365   .1346412     2.84   0.005     1.092964    1.624205
------------------------------------------------------------------------------

.         estimates save analysis/output/models/an_cox_COMPOSITEvsflu_COMORBS, 
> replace
(note: file analysis/output/models/an_cox_COMPOSITEvsflu_COMORBS.ster not found
> )
file analysis/output/models/an_cox_COMPOSITEvsflu_COMORBS.ster saved

.         
.         stcox exposed age1 age2 age3 male i.stp i.obese4cat_withmiss i.smoke 
> htdiag chronic_respiratory_disease i.asthmacat chronic_cardiac_disease i.diab
> cat i.cancer_exhaem_cat i.cancer_haem_cat i.reduced_kidney_function_cat2 chro
> nic_liver_disease stroke dementia other_neuro organ_transplant spleen ra_sle_
> psoriasis other_immunosuppression 

         failure _d:  readmission
   analysis time _t:  (exitdate-origin)
             origin:  time entrydate
  enter on or after:  time entrydate

Iteration 0:   log likelihood = -135287.52
Iteration 1:   log likelihood = -134493.91
Iteration 2:   log likelihood = -133493.93
Iteration 3:   log likelihood = -133313.86
Iteration 4:   log likelihood = -133287.93
Iteration 5:   log likelihood = -133286.77
Iteration 6:   log likelihood = -133286.76
Refining estimates:
Iteration 0:   log likelihood = -133286.76

Cox regression -- Breslow method for ties

No. of subjects =       38,030                  Number of obs    =      38,030
No. of failures =       13,467
Time at risk    =      5636735
                                                LR chi2(66)      =     4001.51
Log likelihood  =   -133286.76                  Prob > chi2      =      0.0000

------------------------------------------------------------------------------
          _t | Haz. Ratio   Std. Err.      z    P>|z|     [95% Conf. Interval]
-------------+----------------------------------------------------------------
     exposed |   .9964296   .0252992    -0.14   0.888     .9480576     1.04727
        age1 |   1.001727   .0021399     0.81   0.419     .9975419     1.00593
        age2 |   1.013503   .0036597     3.71   0.000     1.006356    1.020701
        age3 |   .9605239   .0202463    -1.91   0.056     .9216504    1.001037
        male |   .9451488   .0169936    -3.14   0.002      .912422    .9790494
             |
         stp |
          2  |   1.847912   .9261189     1.23   0.220      .691965      4.9349
          3  |   2.016582   1.012528     1.40   0.162     .7537488    5.395168
          4  |   2.014122   1.021089     1.38   0.167     .7456872      5.4402
          5  |   2.441008   1.247506     1.75   0.081     .8965046    6.646389
          6  |   1.972597   .9889313     1.36   0.175     .7384165    5.269571
          7  |   1.613201    .834718     0.92   0.355     .5851287    4.447596
          8  |   2.026849   1.017531     1.41   0.159      .757698    5.421841
          9  |   1.889372   .9539199     1.26   0.208     .7023551    5.082511
         10  |   2.108959   1.058488     1.49   0.137     .7885861    5.640102
         11  |   2.052901   1.031293     1.43   0.152     .7669363    5.495114
         12  |   1.702722   .8605691     1.05   0.292      .632324    4.585088
         13  |   2.085601   1.048823     1.46   0.144     .7783453    5.588434
         14  |   2.116712   1.065538     1.49   0.136     .7891744    5.677416
         15  |   1.887824   .9493153     1.26   0.206     .7045705     5.05823
         16  |   1.984011   .9971193     1.36   0.173     .7408825    5.312988
         17  |    1.75065   .8853474     1.11   0.268     .6497188    4.717079
         18  |   2.240089   1.125936     1.60   0.109      .836423    5.999357
         19  |   2.091789    1.05505     1.46   0.143     .7783796    5.621397
         20  |   2.046393    1.03455     1.42   0.157     .7597415    5.512039
         21  |   1.958207   .9825622     1.34   0.180       .73241    5.235556
         22  |    1.93049   1.006636     1.26   0.207     .6947307    5.364371
         23  |   1.821872   .9185139     1.19   0.234     .6782295    4.893945
         24  |     1.5852   .9265042     0.79   0.431      .504175    4.984104
         25  |    1.56821    .807052     0.87   0.382     .5719368    4.299919
         26  |      1.915    .962049     1.29   0.196     .7153953    5.126153
         27  |   1.830253   .9198024     1.20   0.229     .6834959    4.901021
         28  |      2.048   1.030353     1.42   0.154     .7639923    5.489983
         29  |   1.834933   .9247027     1.20   0.228     .6833806    4.926946
         30  |   1.582327   .7975714     0.91   0.363     .5891802    4.249561
         31  |   1.980751    1.17322     1.15   0.249     .6203751    6.324199
         32  |     1.9244   .9647713     1.31   0.192     .7203728    5.140832
             |
obese4cat_~g |
Obese I ..)  |   .9333065   .0209594    -3.07   0.002     .8931177    .9753037
Obese II..)  |   .9444878   .0295598    -1.82   0.068     .8882928    1.004238
Obese II..)  |   .9087167   .0370253    -2.35   0.019     .8389704    .9842613
             |
       smoke |
     Former  |   1.076529    .021769     3.65   0.000     1.034697    1.120052
    Current  |   1.220341   .0363462     6.69   0.000     1.151143    1.293698
             |
htdiag_or_~p |   1.045117     .02141     2.15   0.031     1.003986    1.087934
chronic_re~e |   1.433166   .0302945    17.03   0.000     1.375003     1.49379
             |
   asthmacat |
Yes, no OCS  |   1.062386   .0254328     2.53   0.011      1.01369    1.113421
Yes with ..  |   1.064331   .0374126     1.77   0.076     .9934724    1.140243
             |
chronic_ca~e |   1.309811    .026556    13.31   0.000     1.258782    1.362908
             |
     diabcat |
Controlle..  |   1.046754   .0242861     1.97   0.049      1.00022    1.095453
Uncontrol..  |   1.098475    .030984     3.33   0.001     1.039395    1.160912
Diabetes,..  |   1.182779   .0775084     2.56   0.010     1.040216     1.34488
             |
cancer_exh~t |
  Last year  |   2.757753    .129889    21.54   0.000     2.514572    3.024451
2-5 years..  |   1.571469   .0646538    10.99   0.000     1.449725    1.703437
   5+ years  |    1.20051   .0365407     6.00   0.000     1.130986    1.274308
             |
cancer_hae~t |
  Last year  |   4.395356   .3911702    16.64   0.000     3.691818    5.232964
2-5 years..  |   2.160591   .1440022    11.56   0.000      1.89601    2.462095
   5+ years  |   1.774501   .1051408     9.68   0.000     1.579944    1.993015
             |
reduced_ki~2 |
Stage 3a/..  |   1.087783   .0250413     3.66   0.000     1.039793    1.137987
Stage 4 e..  |   1.506303   .0752773     8.20   0.000     1.365757    1.661311
Stage 5 e..  |   2.384786   .1340873    15.46   0.000     2.135943     2.66262
             |
chronic_li~e |   1.440242   .0869697     6.04   0.000     1.279485    1.621197
      stroke |   1.195066   .0348854     6.10   0.000     1.128611    1.265434
    dementia |   1.224589   .0366248     6.77   0.000     1.154869    1.298518
 other_neuro |   1.345792   .0564992     7.07   0.000     1.239489    1.461211
organ_tran~t |   1.072444   .0923455     0.81   0.417     .9058991    1.269608
      spleen |   1.291068   .1422375     2.32   0.020     1.040332    1.602235
ra_sle_pso~s |   1.151256   .0327145     4.96   0.000      1.08889    1.217195
other_immu~n |   1.253343   .1338566     2.11   0.034     1.016627    1.545176
------------------------------------------------------------------------------

.         estimates save analysis/output/models/an_cox_COMPOSITEvsflu_COMORBS_L
> STYLE, replace
(note: file analysis/output/models/an_cox_COMPOSITEvsflu_COMORBS_LSTYLE.ster no
> t found)
file analysis/output/models/an_cox_COMPOSITEvsflu_COMORBS_LSTYLE.ster saved

.         
.         stcox exposed age1 age2 age3 male i.stp i.ethnicity i.imd i.obese4cat
> _withmiss i.smoke htdiag chronic_respiratory_disease i.asthmacat chronic_card
> iac_disease i.diabcat i.cancer_exhaem_cat i.cancer_haem_cat i.reduced_kidney_
> function_cat2 chronic_liver_disease stroke dementia other_neuro organ_transpl
> ant spleen ra_sle_psoriasis other_immunosuppression 

         failure _d:  readmission
   analysis time _t:  (exitdate-origin)
             origin:  time entrydate
  enter on or after:  time entrydate

Iteration 0:   log likelihood = -134374.33
Iteration 1:   log likelihood =  -133547.2
Iteration 2:   log likelihood = -132567.17
Iteration 3:   log likelihood = -132389.26
Iteration 4:   log likelihood = -132363.24
Iteration 5:   log likelihood = -132362.05
Iteration 6:   log likelihood = -132362.04
Refining estimates:
Iteration 0:   log likelihood = -132362.04

Cox regression -- Breslow method for ties

No. of subjects =       37,606                  Number of obs    =      37,606
No. of failures =       13,393
Time at risk    =    5563921.5
                                                LR chi2(74)      =     4024.57
Log likelihood  =   -132362.04                  Prob > chi2      =      0.0000

------------------------------------------------------------------------------
          _t | Haz. Ratio   Std. Err.      z    P>|z|     [95% Conf. Interval]
-------------+----------------------------------------------------------------
     exposed |   1.003207   .0255265     0.13   0.900     .9544028    1.054506
        age1 |   1.000344   .0021381     0.16   0.872     .9961625    1.004544
        age2 |   1.013844   .0036608     3.81   0.000     1.006694    1.021044
        age3 |   .9590906   .0202335    -1.98   0.048     .9202423    .9995788
        male |   .9527007   .0171923    -2.69   0.007     .9195933    .9869999
             |
         stp |
          2  |   1.958196   .9815197     1.34   0.180     .7331667    5.230095
          3  |   2.095408   1.052204     1.47   0.141     .7831402    5.606573
          4  |   2.090739   1.060031     1.45   0.146     .7739803    5.647676
          5  |    2.49884   1.277157     1.79   0.073     .9176764    6.804363
          6  |   2.056973   1.031318     1.44   0.150     .7699385    5.495422
          7  |   1.709641   .8852203     1.04   0.300     .6196813    4.716733
          8  |   2.123189   1.066039     1.50   0.134     .7936085    5.680299
          9  |    1.96378    .991585     1.34   0.181     .7299445    5.283186
         10  |   2.229796   1.119262     1.60   0.110     .8336785    5.963918
         11  |   2.257401   1.134352     1.62   0.105     .8430959    6.044223
         12  |   1.886844   .9540146     1.26   0.209     .7004167    5.082944
         13  |   2.219832   1.116501     1.59   0.113     .8283126    5.949028
         14  |    2.24592   1.130741     1.61   0.108     .8372298    6.024819
         15  |   2.015417   1.013626     1.39   0.163     .7520815    5.400887
         16  |   2.063902   1.037399     1.44   0.149     .7706225      5.5276
         17  |   1.857487   .9395384     1.22   0.221     .6892519    5.005798
         18  |   2.433017   1.223175     1.77   0.077     .9082634     6.51746
         19  |   2.242967   1.131583     1.60   0.109     .8344291    6.029152
         20  |    2.17009   1.097286     1.53   0.125     .8055182    5.846286
         21  |   2.276163   1.142775     1.64   0.101     .8508386    6.089189
         22  |    2.26863    1.18372     1.57   0.116     .8158793    6.308141
         23  |   1.933802   .9752097     1.31   0.191     .7197043    5.196011
         24  |   1.717549   1.004022     0.93   0.355     .5461665    5.401236
         25  |   1.622543   .8352555     0.94   0.347     .5915793    4.450197
         26  |   1.999467   1.004637     1.38   0.168      .746837    5.353065
         27  |   1.916057   .9631071     1.29   0.196     .7154041    5.131748
         28  |   2.143858    1.07877     1.52   0.130     .7996111    5.747951
         29  |   1.937365   .9764585     1.31   0.189     .7214297    5.202699
         30  |    1.65332   .8335096     1.00   0.319     .6155022    4.441035
         31  |   2.165534   1.282893     1.30   0.192     .6781115    6.915584
         32  |   1.986215   .9958331     1.37   0.171     .7434597     5.30634
             |
   ethnicity |
      Mixed  |   .8020834   .0828778    -2.13   0.033      .655038    .9821382
Asian or ..  |   .7686321   .0280287    -7.22   0.000      .715614    .8255781
      Black  |   .7313537   .0471877    -4.85   0.000     .6444765    .8299422
      Other  |   .6901707   .0557609    -4.59   0.000     .5890952    .8085886
             |
         imd |
          2  |   1.029045   .0281162     1.05   0.295     .9753881    1.085654
          3  |   1.000704    .027959     0.03   0.980     .9473785     1.05703
          4  |   1.028875   .0291305     1.01   0.315     .9733359    1.087584
5 most de..  |    1.06517    .031245     2.15   0.031     1.005658    1.128203
             |
obese4cat_~g |
Obese I ..)  |   .9278373   .0209152    -3.32   0.001     .8877366    .9697494
Obese II..)  |   .9287586    .029249    -2.35   0.019      .873165    .9878917
Obese II..)  |   .8848849   .0362826    -2.98   0.003     .8165547    .9589331
             |
       smoke |
     Former  |   1.043382   .0214621     2.06   0.039     1.002154    1.086306
    Current  |   1.170945    .035527     5.20   0.000     1.103343    1.242688
             |
htdiag_or_~p |   1.046307   .0214906     2.20   0.028     1.005023    1.089287
chronic_re~e |   1.413716   .0300397    16.29   0.000     1.356048    1.473836
             |
   asthmacat |
Yes, no OCS  |   1.059417   .0254225     2.41   0.016     1.010744    1.110435
Yes with ..  |   1.061565   .0373664     1.70   0.090     .9907973    1.137387
             |
chronic_ca~e |   1.309467   .0266337    13.26   0.000     1.258293    1.362723
             |
     diabcat |
Controlle..  |   1.070111   .0250534     2.89   0.004     1.022117    1.120359
Uncontrol..  |   1.126557   .0320839     4.18   0.000     1.065397    1.191229
Diabetes,..  |     1.2032   .0789165     2.82   0.005     1.058056    1.368255
             |
cancer_exh~t |
  Last year  |   2.710111   .1282086    21.07   0.000     2.470125    2.973413
2-5 years..  |   1.552842   .0640484    10.67   0.000     1.432249    1.683588
   5+ years  |   1.185828   .0361874     5.59   0.000     1.116981    1.258918
             |
cancer_hae~t |
  Last year  |   4.283163   .3831405    16.26   0.000     3.594366    5.103955
2-5 years..  |   2.128722   .1425303    11.28   0.000     1.866922    2.427235
   5+ years  |   1.744194   .1035722     9.37   0.000     1.552564    1.959476
             |
reduced_ki~2 |
Stage 3a/..  |   1.090834   .0251937     3.76   0.000     1.042556    1.141347
Stage 4 e..  |    1.49948    .075117     8.09   0.000      1.35925    1.654177
Stage 5 e..  |    2.42137   .1361165    15.73   0.000     2.168759    2.703406
             |
chronic_li~e |   1.427147   .0866637     5.86   0.000     1.267008    1.607527
      stroke |   1.193838    .034924     6.06   0.000     1.127314    1.264289
    dementia |   1.220926   .0365988     6.66   0.000      1.15126    1.294807
 other_neuro |   1.325053   .0557766     6.69   0.000     1.220121    1.439009
organ_tran~t |   1.052678   .0907975     0.60   0.552     .8889475    1.246565
      spleen |   1.292771   .1425527     2.33   0.020     1.041503    1.604659
ra_sle_pso~s |   1.148507   .0327061     4.86   0.000      1.08616    1.214432
other_immu~n |   1.249105   .1336185     2.08   0.038     1.012849     1.54047
------------------------------------------------------------------------------

.         estimates save analysis/output/models/an_cox_COMPOSITEvsflu_COMORBS_L
> STYLE_ETHIMD, replace
(note: file analysis/output/models/an_cox_COMPOSITEvsflu_COMORBS_LSTYLE_ETHIMD.
> ster not found)
file analysis/output/models/an_cox_COMPOSITEvsflu_COMORBS_LSTYLE_ETHIMD.ster sa
> ved

. restore

. 
. *vs 2019 general pop age/sex/stp matched controls
. preserve

. keep if group==1|group==4
(16,058 observations deleted)

.         stcox exposed, strata(setid)

         failure _d:  readmission
   analysis time _t:  (exitdate-origin)
             origin:  time entrydate
  enter on or after:  time entrydate

Iteration 0:   log likelihood = -38388.864
Iteration 1:   log likelihood = -36780.651
Iteration 2:   log likelihood = -36582.937
Iteration 3:   log likelihood = -36582.829
Refining estimates:
Iteration 0:   log likelihood = -36582.829

Stratified Cox regr. -- Breslow method for ties

No. of subjects =      147,981                  Number of obs    =     147,981
No. of failures =       23,180
Time at risk    =     21338130
                                                LR chi2(1)       =     3612.07
Log likelihood  =   -36582.829                  Prob > chi2      =      0.0000

------------------------------------------------------------------------------
          _t | Haz. Ratio   Std. Err.      z    P>|z|     [95% Conf. Interval]
-------------+----------------------------------------------------------------
     exposed |   2.721326   .0427923    63.66   0.000     2.638734    2.806503
------------------------------------------------------------------------------
                                                           Stratified by setid

.         estimates save analysis/output/models/an_cox_COMPOSITEvs2019gp_MINADJ
> , replace
(note: file analysis/output/models/an_cox_COMPOSITEvs2019gp_MINADJ.ster not fou
> nd)
file analysis/output/models/an_cox_COMPOSITEvs2019gp_MINADJ.ster saved

.         
.         stcox exposed htdiag chronic_respiratory_disease i.asthmacat chronic_
> cardiac_disease i.diabcat i.cancer_exhaem_cat i.cancer_haem_cat i.reduced_kid
> ney_function_cat2 chronic_liver_disease stroke dementia other_neuro organ_tra
> nsplant spleen ra_sle_psoriasis other_immunosuppression, strata(setid) 

         failure _d:  readmission
   analysis time _t:  (exitdate-origin)
             origin:  time entrydate
  enter on or after:  time entrydate

Iteration 0:   log likelihood = -38388.864
Iteration 1:   log likelihood = -35415.413
Iteration 2:   log likelihood = -35227.582
Iteration 3:   log likelihood = -35227.086
Iteration 4:   log likelihood = -35227.086
Refining estimates:
Iteration 0:   log likelihood = -35227.086

Stratified Cox regr. -- Breslow method for ties

No. of subjects =      147,981                  Number of obs    =     147,981
No. of failures =       23,180
Time at risk    =     21338130
                                                LR chi2(26)      =     6323.56
Log likelihood  =   -35227.086                  Prob > chi2      =      0.0000

------------------------------------------------------------------------------
          _t | Haz. Ratio   Std. Err.      z    P>|z|     [95% Conf. Interval]
-------------+----------------------------------------------------------------
     exposed |   2.249608   .0375569    48.56   0.000     2.177189    2.324435
htdiag_or_~p |   1.049239   .0187085     2.70   0.007     1.013204    1.086555
chronic_re~e |   1.472336   .0328372    17.35   0.000     1.409362    1.538123
             |
   asthmacat |
Yes, no OCS  |   1.170913   .0270317     6.83   0.000     1.119113    1.225111
Yes with ..  |   1.281798   .0565323     5.63   0.000      1.17565    1.397529
             |
chronic_ca~e |   1.344501   .0253614    15.69   0.000     1.295701    1.395139
             |
     diabcat |
Controlle..  |    1.12451   .0235309     5.61   0.000     1.079323    1.171588
Uncontrol..  |   1.237506   .0372353     7.08   0.000     1.166636     1.31268
Diabetes,..  |   1.124155   .0780185     1.69   0.092     .9811855    1.287956
             |
cancer_exh~t |
  Last year  |   3.534869   .1928916    23.14   0.000     3.176324    3.933887
2-5 years..  |   1.862949   .0704888    16.44   0.000     1.729792    2.006357
   5+ years  |   1.295105   .0346153     9.67   0.000     1.229006    1.364758
             |
cancer_hae~t |
  Last year  |    4.41386     .66152     9.91   0.000      3.29038    5.920944
2-5 years..  |   2.445516   .2285057     9.57   0.000      2.03627    2.937012
   5+ years  |   1.468257   .1081458     5.21   0.000     1.270885    1.696282
             |
reduced_ki~2 |
Stage 3a/..  |   1.090915   .0221429     4.29   0.000     1.048368     1.13519
Stage 4 e..  |   1.474814   .0739601     7.75   0.000     1.336751    1.627137
Stage 5 e..  |   2.560566   .2232488    10.78   0.000     2.158351    3.037736
             |
chronic_li~e |   1.961924   .1334231     9.91   0.000     1.717098    2.241657
      stroke |   1.329564   .0402281     9.41   0.000      1.25301    1.410794
    dementia |   1.365696   .0400087    10.64   0.000     1.289489    1.446406
 other_neuro |   1.417411   .0658649     7.51   0.000     1.294022    1.552565
organ_tran~t |   1.310756    .199432     1.78   0.075     .9727724     1.76617
      spleen |   1.534421   .1997674     3.29   0.001     1.188847    1.980446
ra_sle_pso~s |   1.197259   .0334815     6.44   0.000     1.133403    1.264714
other_immu~n |    1.45731   .2005784     2.74   0.006     1.112746    1.908569
------------------------------------------------------------------------------
                                                           Stratified by setid

.         estimates save analysis/output/models/an_cox_COMPOSITEvs2019gp_COMORB
> S, replace
(note: file analysis/output/models/an_cox_COMPOSITEvs2019gp_COMORBS.ster not fo
> und)
file analysis/output/models/an_cox_COMPOSITEvs2019gp_COMORBS.ster saved

.         
.         stcox exposed i.obese4cat_withmiss i.smoke htdiag chronic_respiratory
> _disease i.asthmacat chronic_cardiac_disease i.diabcat i.cancer_exhaem_cat i.
> cancer_haem_cat i.reduced_kidney_function_cat2 chronic_liver_disease stroke d
> ementia other_neuro organ_transplant spleen ra_sle_psoriasis other_immunosupp
> ression, strata(setid) 

         failure _d:  readmission
   analysis time _t:  (exitdate-origin)
             origin:  time entrydate
  enter on or after:  time entrydate

Iteration 0:   log likelihood = -35374.891
Iteration 1:   log likelihood = -32647.452
Iteration 2:   log likelihood = -32510.532
Iteration 3:   log likelihood = -32510.266
Iteration 4:   log likelihood = -32510.266
Refining estimates:
Iteration 0:   log likelihood = -32510.266

Stratified Cox regr. -- Breslow method for ties

No. of subjects =      136,863                  Number of obs    =     136,863
No. of failures =       22,101
Time at risk    =   19642389.5
                                                LR chi2(31)      =     5729.25
Log likelihood  =   -32510.266                  Prob > chi2      =      0.0000

------------------------------------------------------------------------------
          _t | Haz. Ratio   Std. Err.      z    P>|z|     [95% Conf. Interval]
-------------+----------------------------------------------------------------
     exposed |   2.205024    .038467    45.33   0.000     2.130904    2.281722
             |
obese4cat_~g |
Obese I ..)  |   1.002219    .020852     0.11   0.915     .9621715    1.043932
Obese II..)  |    1.07637   .0343731     2.30   0.021     1.011065    1.145893
Obese II..)  |   1.117778   .0503953     2.47   0.014     1.023243    1.221047
             |
       smoke |
     Former  |   1.093754   .0192808     5.08   0.000      1.05661    1.132204
    Current  |   1.254219   .0359961     7.89   0.000     1.185616    1.326792
             |
htdiag_or_~p |   1.024412   .0190739     1.30   0.195     .9877021    1.062487
chronic_re~e |   1.397032   .0323681    14.43   0.000      1.33501    1.461935
             |
   asthmacat |
Yes, no OCS  |    1.15924   .0275938     6.21   0.000     1.106399    1.214604
Yes with ..  |    1.27501    .057481     5.39   0.000     1.167183    1.392798
             |
chronic_ca~e |   1.321689   .0255139    14.45   0.000     1.272617    1.372654
             |
     diabcat |
Controlle..  |   1.106672   .0237438     4.72   0.000       1.0611    1.154201
Uncontrol..  |   1.212496   .0376735     6.20   0.000     1.140861     1.28863
Diabetes,..  |   1.115922   .0796471     1.54   0.124     .9702436    1.283474
             |
cancer_exh~t |
  Last year  |   3.466902   .1937594    22.25   0.000       3.1072    3.868243
2-5 years..  |   1.843416   .0712668    15.82   0.000     1.708896    1.988524
   5+ years  |   1.297221   .0354535     9.52   0.000     1.229561    1.368603
             |
cancer_hae~t |
  Last year  |   4.213793    .644434     9.41   0.000     3.122448    5.686581
2-5 years..  |   2.494015   .2387225     9.55   0.000     2.067396     3.00867
   5+ years  |      1.448   .1090733     4.91   0.000     1.249252    1.678367
             |
reduced_ki~2 |
Stage 3a/..  |    1.08267   .0225819     3.81   0.000     1.039303    1.127847
Stage 4 e..  |   1.469826   .0754528     7.50   0.000     1.329138    1.625407
Stage 5 e..  |   2.562019   .2279644    10.57   0.000     2.152008    3.050148
             |
chronic_li~e |   1.909187   .1340514     9.21   0.000     1.663728     2.19086
      stroke |    1.35218   .0419203     9.73   0.000     1.272464     1.43689
    dementia |   1.357775   .0410209    10.12   0.000     1.279709    1.440602
 other_neuro |    1.36033   .0655127     6.39   0.000     1.237801    1.494988
organ_tran~t |   1.280444   .1996463     1.59   0.113     .9432824    1.738119
      spleen |   1.554431   .2104973     3.26   0.001     1.192076    2.026932
ra_sle_pso~s |   1.178295   .0337422     5.73   0.000     1.113983     1.24632
other_immu~n |   1.411068   .2017342     2.41   0.016     1.066241    1.867414
------------------------------------------------------------------------------
                                                           Stratified by setid

.         estimates save analysis/output/models/an_cox_COMPOSITEvs2019gp_COMORB
> S_LSTYLE, replace
(note: file analysis/output/models/an_cox_COMPOSITEvs2019gp_COMORBS_LSTYLE.ster
>  not found)
file analysis/output/models/an_cox_COMPOSITEvs2019gp_COMORBS_LSTYLE.ster saved

.         
.         stcox exposed i.ethnicity i.imd i.obese4cat_withmiss i.smoke htdiag c
> hronic_respiratory_disease i.asthmacat chronic_cardiac_disease i.diabcat i.ca
> ncer_exhaem_cat i.cancer_haem_cat i.reduced_kidney_function_cat2 chronic_live
> r_disease stroke dementia other_neuro organ_transplant spleen ra_sle_psoriasi
> s other_immunosuppression, strata(setid) 

         failure _d:  readmission
   analysis time _t:  (exitdate-origin)
             origin:  time entrydate
  enter on or after:  time entrydate

Iteration 0:   log likelihood = -25340.638
Iteration 1:   log likelihood = -22954.503
Iteration 2:   log likelihood = -22908.214
Iteration 3:   log likelihood = -22908.181
Refining estimates:
Iteration 0:   log likelihood = -22908.181

Stratified Cox regr. -- Breslow method for ties

No. of subjects =      110,370                  Number of obs    =     110,370
No. of failures =       18,226
Time at risk    =     15620087
                                                LR chi2(39)      =     4864.91
Log likelihood  =   -22908.181                  Prob > chi2      =      0.0000

------------------------------------------------------------------------------
          _t | Haz. Ratio   Std. Err.      z    P>|z|     [95% Conf. Interval]
-------------+----------------------------------------------------------------
     exposed |   2.225924   .0422337    42.17   0.000     2.144668    2.310259
             |
   ethnicity |
      Mixed  |   .9071871   .1037642    -0.85   0.394     .7249972    1.135161
Asian or ..  |   .9794368   .0383368    -0.53   0.596     .9071079    1.057533
      Black  |   .8213689   .0522993    -3.09   0.002     .7250023    .9305444
      Other  |   .8657548   .0705618    -1.77   0.077      .737937    1.015712
             |
         imd |
          2  |   1.015266   .0296171     0.52   0.604     .9588455    1.075005
          3  |   1.017935   .0302632     0.60   0.550     .9603149    1.079012
          4  |    1.01864   .0302893     0.62   0.535     .9609711     1.07977
5 most de..  |   1.103244   .0335526     3.23   0.001     1.039403    1.171005
             |
obese4cat_~g |
Obese I ..)  |    .992267   .0238713    -0.32   0.747      .946566    1.040175
Obese II..)  |   1.073303   .0392108     1.94   0.053     .9991379    1.152973
Obese II..)  |   1.079313   .0554193     1.49   0.137     .9759797    1.193586
             |
       smoke |
     Former  |   1.098949   .0227711     4.55   0.000     1.055213    1.144498
    Current  |   1.284684   .0429373     7.50   0.000     1.203226    1.371657
             |
htdiag_or_~p |   1.032445     .02224     1.48   0.138     .9897623    1.076967
chronic_re~e |   1.393817   .0373652    12.39   0.000     1.322474     1.46901
             |
   asthmacat |
Yes, no OCS  |   1.181557   .0321187     6.14   0.000     1.120253    1.246215
Yes with ..  |   1.259783    .064268     4.53   0.000     1.139913    1.392259
             |
chronic_ca~e |   1.350068   .0304223    13.32   0.000     1.291739    1.411031
             |
     diabcat |
Controlle..  |   1.091109   .0273501     3.48   0.001     1.038799    1.146053
Uncontrol..  |   1.217994    .043325     5.54   0.000     1.135971     1.30594
Diabetes,..  |   1.066432   .0881039     0.78   0.436     .9070075     1.25388
             |
cancer_exh~t |
  Last year  |   3.669425   .2469104    19.32   0.000     3.216044    4.186723
2-5 years..  |   1.773789   .0806161    12.61   0.000     1.622618    1.939045
   5+ years  |   1.313163   .0421149     8.49   0.000      1.23316    1.398356
             |
cancer_hae~t |
  Last year  |   4.955984   .9248724     8.58   0.000     3.437803    7.144615
2-5 years..  |   2.547297   .2879295     8.27   0.000     2.041106    3.179024
   5+ years  |   1.383795   .1203758     3.73   0.000      1.16688    1.641034
             |
reduced_ki~2 |
Stage 3a/..  |   1.061106   .0262003     2.40   0.016     1.010978    1.113721
Stage 4 e..  |   1.444515   .0880734     6.03   0.000     1.281809    1.627873
Stage 5 e..  |    2.37862   .2373598     8.68   0.000     1.956071    2.892448
             |
chronic_li~e |   1.761268   .1416157     7.04   0.000     1.504472    2.061896
      stroke |   1.369054   .0491564     8.75   0.000     1.276021     1.46887
    dementia |   1.394473   .0492205     9.42   0.000     1.301264    1.494358
 other_neuro |   1.385938   .0768307     5.89   0.000     1.243245    1.545009
organ_tran~t |   1.246277    .212482     1.29   0.197     .8922582     1.74076
      spleen |   1.710206   .2571759     3.57   0.000     1.273641    2.296411
ra_sle_pso~s |   1.204387   .0398903     5.61   0.000     1.128687    1.285164
other_immu~n |   1.369443   .2206593     1.95   0.051      .998595    1.878014
------------------------------------------------------------------------------
                                                           Stratified by setid

.         estimates save analysis/output/models/an_cox_COMPOSITEvs2019gp_COMORB
> S_LSTYLE_ETHIMD, replace
(note: file analysis/output/models/an_cox_COMPOSITEvs2019gp_COMORBS_LSTYLE_ETHI
> MD.ster not found)
file analysis/output/models/an_cox_COMPOSITEvs2019gp_COMORBS_LSTYLE_ETHIMD.ster
>  saved

. restore

. 
. 
. 
. *Death
. *vs 2017_19-flu controls
. preserve

.         include analysis/stsetfordeath1ocare.doi

. 
. *all use 1ocare
. 
. *Code chunk for looking at death outcome
. 
. cap drop deathexit

. cap drop deathindicator

. cap drop deathfup

. 
. summ died_date_ons, f d

                        died_date_ons
-------------------------------------------------------------

REDACTED - latest is at 10th april

. scalar deathcensor = r(max)-30

. gen deathexit = died_date_1ocare if died_date_1ocare<deathcensor 
(152,421 missing values generated)

. gen deathindicator = died_date_1ocare<(dereg_date) 

. 
. replace deathexit = min(deathcensor, dereg_date) if deathexit==. 
(152,421 real changes made)

. 
. gen deathfup = deathexit-entrydate

. summ deathfup if group==1

    Variable |        Obs        Mean    Std. Dev.       Min        Max
-------------+---------------------------------------------------------
    deathfup |     24,673    200.0443    106.8168        -92        386

. local maxfupexposed = r(max)

. replace deathindicator = 0 if deathexit>(entrydate + `maxfupexposed')
(4,468 real changes made)

. replace deathexit = entrydate + r(max) if deathexit>(entrydate + `maxfupexpos
> ed')
(131,824 real changes made)

. stset deathexit, enter(entrydate) fail(deathindicator) origin(entrydate)

     failure event:  deathindicator != 0 & deathindicator < .
obs. time interval:  (origin, deathexit]
 enter on or after:  time entrydate
 exit on or before:  failure
    t for analysis:  (time-origin)
            origin:  time entrydate

------------------------------------------------------------------------------
    164,093  total observations
        119  observations end on or before enter()
------------------------------------------------------------------------------
    163,974  observations remaining, representing
      7,439  failures in single-record/single-failure data
   57299935  total analysis time at risk and under observation
                                                at risk from t =         0
                                     earliest observed entry t =         0
                                          last observed exit t =       386

. 
.         keep if group==1|group==2
(123,362 observations deleted)

.         
.         stcox exposed age1 age2 age3 male i.stp 

         failure _d:  deathindicator
   analysis time _t:  (deathexit-origin)
             origin:  time entrydate
  enter on or after:  time entrydate

Iteration 0:   log likelihood =  -36565.08
Iteration 1:   log likelihood = -35514.557
Iteration 2:   log likelihood = -34884.172
Iteration 3:   log likelihood =  -34871.68
Iteration 4:   log likelihood = -34871.584
Iteration 5:   log likelihood = -34871.584
Refining estimates:
Iteration 0:   log likelihood = -34871.584

Cox regression -- Breslow method for ties

No. of subjects =       40,642                  Number of obs    =      40,642
No. of failures =        3,535
Time at risk    =     10732237
                                                LR chi2(36)      =     3386.99
Log likelihood  =   -34871.584                  Prob > chi2      =      0.0000

------------------------------------------------------------------------------
          _t | Haz. Ratio   Std. Err.      z    P>|z|     [95% Conf. Interval]
-------------+----------------------------------------------------------------
     exposed |   1.258864   .0989139     2.93   0.003     1.079186    1.468456
        age1 |    1.10991    .011194    10.34   0.000     1.088186    1.132068
        age2 |   .9534489   .0120685    -3.77   0.000     .9300861    .9773985
        age3 |   1.220771    .068965     3.53   0.000     1.092817    1.363708
        male |   1.170599   .0399366     4.62   0.000     1.094884    1.251549
             |
         stp |
          2  |   1.152263   1.153671     0.14   0.887     .1619236    8.199609
          3  |   1.505341   1.508932     0.41   0.683     .2110584    10.73661
          4  |   1.201823   1.215488     0.18   0.856      .165562    8.724096
          5  |   1.269435   1.295706     0.23   0.815     .1717091    9.384861
          6  |   1.400559   1.402594     0.34   0.737     .1967269    9.971016
          7  |   .8045027   .8373882    -0.21   0.834        .1046    6.187617
          8  |   1.180774   1.184133     0.17   0.868     .1654035    8.429257
          9  |   1.263201   1.272661     0.23   0.817     .1753463     9.10015
         10  |   1.313431     1.3167     0.27   0.786      .184114    9.369741
         11  |   1.341011    1.34544     0.29   0.770     .1876806    9.581755
         12  |   .9364188    .946811    -0.06   0.948      .129069    6.793884
         13  |   .8553078   .8608873    -0.16   0.877      .118951    6.150022
         14  |   1.245595   1.252796     0.22   0.827     .1734821    8.943327
         15  |   .9517943   .9572614    -0.05   0.961     .1325721    6.833355
         16  |   1.121622   1.126153     0.11   0.909     .1567496    8.025765
         17  |   1.197512   1.207377     0.18   0.858     .1659838    8.639605
         18  |   1.298639   1.303762     0.26   0.795     .1815219    9.290685
         19  |   1.120561   1.128729     0.11   0.910     .1556069    8.069414
         20  |   1.343062   1.352374     0.29   0.770     .1866349    9.664941
         21  |   .7041367   .7068688    -0.35   0.727     .0984357    5.036876
         22  |   .2721649   .3142909    -1.13   0.260     .0283061    2.616879
         23  |   .9875686    .994758    -0.01   0.990     .1371416    7.111569
         24  |   1.070476   1.196964     0.06   0.951     .1196182    9.579806
         25  |   .9932852   1.023949    -0.01   0.995     .1317027    7.491235
         26  |   1.068886   1.073219     0.07   0.947     .1493756    7.648625
         27  |   1.198855   1.203828     0.18   0.857     .1675078    8.580224
         28  |   1.240982   1.247805     0.21   0.830     .1729353    8.905269
         29  |   1.112922    1.12011     0.11   0.915     .1547983    8.001358
         30  |   .9181768    .925768    -0.08   0.933     .1272586    6.624686
         31  |   .4952171   .7003839    -0.50   0.619     .0309702    7.918577
         32  |   1.372716   1.374601     0.32   0.752      .192846    9.771267
------------------------------------------------------------------------------

.         estimates save analysis/output/models/an_cox_DEATHvsflu_MINADJ, repla
> ce
(note: file analysis/output/models/an_cox_DEATHvsflu_MINADJ.ster not found)
file analysis/output/models/an_cox_DEATHvsflu_MINADJ.ster saved

.         
.         stcox exposed age1 age2 age3 male i.stp htdiag chronic_respiratory_di
> sease i.asthmacat chronic_cardiac_disease i.diabcat i.cancer_exhaem_cat i.can
> cer_haem_cat i.reduced_kidney_function_cat2 chronic_liver_disease stroke deme
> ntia other_neuro organ_transplant spleen ra_sle_psoriasis other_immunosuppres
> sion 

         failure _d:  deathindicator
   analysis time _t:  (deathexit-origin)
             origin:  time entrydate
  enter on or after:  time entrydate

Iteration 0:   log likelihood =  -36565.08
Iteration 1:   log likelihood =  -35982.26
Iteration 2:   log likelihood =  -34492.14
Iteration 3:   log likelihood = -34372.577
Iteration 4:   log likelihood = -34365.699
Iteration 5:   log likelihood = -34365.645
Iteration 6:   log likelihood = -34365.645
Refining estimates:
Iteration 0:   log likelihood = -34365.645

Cox regression -- Breslow method for ties

No. of subjects =       40,642                  Number of obs    =      40,642
No. of failures =        3,535
Time at risk    =     10732237
                                                LR chi2(61)      =     4398.87
Log likelihood  =   -34365.645                  Prob > chi2      =      0.0000

------------------------------------------------------------------------------
          _t | Haz. Ratio   Std. Err.      z    P>|z|     [95% Conf. Interval]
-------------+----------------------------------------------------------------
     exposed |   1.294464   .0992125     3.37   0.001     1.113912    1.504282
        age1 |   1.092317   .0105742     9.12   0.000     1.071787     1.11324
        age2 |   .9531125   .0116766    -3.92   0.000     .9304993    .9762752
        age3 |   1.287095   .0709523     4.58   0.000      1.15528    1.433949
        male |   1.102028   .0382424     2.80   0.005     1.029566    1.179589
             |
         stp |
          2  |   .9429119   .9451974    -0.06   0.953     .1321924    6.725675
          3  |   1.232594   1.237124     0.21   0.835     .1723813    8.813526
          4  |   1.002855   1.015522     0.00   0.998     .1378117    7.297779
          5  |   1.023429   1.046061     0.02   0.982     .1380489    7.587219
          6  |   1.102668    1.10559     0.10   0.922     .1545213    7.868673
          7  |   .6455066   .6727011    -0.42   0.674     .0837219     4.97694
          8  |   .9810266   .9850223    -0.02   0.985     .1370921    7.020196
          9  |   1.006407    1.01521     0.01   0.995     .1393565    7.268089
         10  |   1.100977   1.105081     0.10   0.924     .1539587    7.873222
         11  |   1.108194   1.113242     0.10   0.919     .1547164    7.937707
         12  |   .8194362   .8294735    -0.20   0.844     .1126905    5.958585
         13  |   .7087779   .7142704    -0.34   0.733      .098336    5.108671
         14  |   .9970001   1.004048    -0.00   0.998     .1385084    7.176525
         15  |   .8105232   .8160837    -0.21   0.835     .1126482    5.831853
         16  |   .9331241   .9380204    -0.07   0.945     .1300982    6.692794
         17  |   .9005242   .9090696    -0.10   0.917     .1245135    6.512899
         18  |   1.017155   1.022423     0.02   0.986     .1418328    7.294528
         19  |   .9338716   .9419091    -0.07   0.946     .1293479    6.742404
         20  |   1.176237   1.185983     0.16   0.872     .1630198    8.486902
         21  |   .5919293   .5949974    -0.52   0.602     .0825384    4.245056
         22  |   .2340126   .2704776    -1.26   0.209     .0242884    2.254651
         23  |   .8040411   .8109005    -0.22   0.829      .111382    5.804189
         24  |   .8199288   .9178111    -0.18   0.859     .0914027     7.35518
         25  |   .7805235   .8056163    -0.24   0.810     .1032332    5.901365
         26  |   .9223527   .9271599    -0.08   0.936     .1286054    6.615077
         27  |   1.058704   1.064203     0.06   0.955      .147622    7.592727
         28  |   1.040973   1.047972     0.04   0.968     .1447157    7.487961
         29  |   .8884285   .8952963    -0.12   0.907     .1232653    6.403303
         30  |   .8017699   .8093149    -0.22   0.827     .1108761    5.797777
         31  |   .5067284   .7173654    -0.48   0.631     .0316043    8.124646
         32  |   1.112146   1.115022     0.11   0.916     .1558687    7.935325
             |
htdiag_or_~p |   .9580429   .0384715    -1.07   0.286     .8855311    1.036492
chronic_re~e |   1.566163   .0592924    11.85   0.000     1.454159    1.686795
             |
   asthmacat |
Yes, no OCS  |   .8683264   .0455029    -2.69   0.007     .7835694    .9622513
Yes with ..  |   .6944951   .0618706    -4.09   0.000     .5832276    .8269902
             |
chronic_ca~e |   1.149413   .0420938     3.80   0.000     1.069802    1.234948
             |
     diabcat |
Controlle..  |   .9829958   .0423301    -0.40   0.690      .903435    1.069563
Uncontrol..  |   .9715728   .0550716    -0.51   0.611     .8694143    1.085735
Diabetes,..  |    1.34052   .1597814     2.46   0.014     1.061245    1.693289
             |
cancer_exh~t |
  Last year  |   4.462963   .3037122    21.98   0.000     3.905688    5.099751
2-5 years..  |    1.95218   .1343354     9.72   0.000      1.70587    2.234053
   5+ years  |   1.313938   .0683989     5.24   0.000      1.18649    1.455075
             |
cancer_hae~t |
  Last year  |   2.900353   .4895491     6.31   0.000     2.083421    4.037613
2-5 years..  |   2.572176   .2993125     8.12   0.000     2.047624    3.231106
   5+ years  |   1.577195   .1808028     3.97   0.000     1.259817    1.974529
             |
reduced_ki~2 |
Stage 3a/..  |   1.062164   .0423774     1.51   0.131     .9822704    1.148556
Stage 4 e..  |   1.372498   .1126073     3.86   0.000     1.168623     1.61194
Stage 5 e..  |    2.08375   .2223739     6.88   0.000     1.690468    2.568527
             |
chronic_li~e |   2.081244   .2176503     7.01   0.000     1.695535    2.554695
      stroke |   1.222944   .0605652     4.06   0.000     1.109818    1.347602
    dementia |   1.805385    .079277    13.45   0.000     1.656504    1.967648
 other_neuro |   1.511598   .1105842     5.65   0.000     1.309679    1.744648
organ_tran~t |   1.102401   .2180208     0.49   0.622     .7481668    1.624355
      spleen |   1.355672   .3056745     1.35   0.177     .8714197    2.109027
ra_sle_pso~s |   1.149288   .0635972     2.51   0.012     1.031161    1.280947
other_immu~n |   .9840504   .2509744    -0.06   0.950     .5969322     1.62222
------------------------------------------------------------------------------

.         estimates save analysis/output/models/an_cox_DEATHvsflu_COMORBS, repl
> ace
(note: file analysis/output/models/an_cox_DEATHvsflu_COMORBS.ster not found)
file analysis/output/models/an_cox_DEATHvsflu_COMORBS.ster saved

.         
.         stcox exposed age1 age2 age3 male i.stp i.obese4cat_withmiss i.smoke 
> htdiag chronic_respiratory_disease i.asthmacat chronic_cardiac_disease i.diab
> cat i.cancer_exhaem_cat i.cancer_haem_cat i.reduced_kidney_function_cat2 chro
> nic_liver_disease stroke dementia other_neuro organ_transplant spleen ra_sle_
> psoriasis other_immunosuppression 

         failure _d:  deathindicator
   analysis time _t:  (deathexit-origin)
             origin:  time entrydate
  enter on or after:  time entrydate

Iteration 0:   log likelihood = -34353.817
Iteration 1:   log likelihood = -33729.906
Iteration 2:   log likelihood = -32405.966
Iteration 3:   log likelihood = -32299.043
Iteration 4:   log likelihood = -32293.391
Iteration 5:   log likelihood = -32293.357
Iteration 6:   log likelihood = -32293.357
Refining estimates:
Iteration 0:   log likelihood = -32293.357

Cox regression -- Breslow method for ties

No. of subjects =       37,976                  Number of obs    =      37,976
No. of failures =        3,344
Time at risk    =     10014171
                                                LR chi2(66)      =     4120.92
Log likelihood  =   -32293.357                  Prob > chi2      =      0.0000

------------------------------------------------------------------------------
          _t | Haz. Ratio   Std. Err.      z    P>|z|     [95% Conf. Interval]
-------------+----------------------------------------------------------------
     exposed |   1.359956   .1098802     3.81   0.000     1.160781    1.593306
        age1 |   1.089964   .0112393     8.35   0.000     1.068156    1.112217
        age2 |   .9532807    .012336    -3.70   0.000     .9294067     .977768
        age3 |   1.285406   .0741962     4.35   0.000     1.147909    1.439374
        male |    1.06844   .0387752     1.82   0.068     .9950817    1.147206
             |
         stp |
          2  |   1.043906    1.04671     0.04   0.966     .1462762    7.449883
          3  |   1.323297   1.328573     0.28   0.780     .1849532    9.467875
          4  |   1.049307   1.063972     0.05   0.962     .1438152    7.655977
          5  |    1.13163   1.157966     0.12   0.904     .1522978    8.408438
          6  |   1.187209   1.190703     0.17   0.864     .1662727    8.476835
          7  |   .7502682    .782072    -0.28   0.783     .0972596    5.787626
          8  |   1.089261   1.094048     0.09   0.932      .152121    7.799639
          9  |   1.117884   1.128045     0.11   0.912     .1546883    8.078591
         10  |   1.178599   1.183467     0.16   0.870     .1646832    8.434964
         11  |   1.206382   1.212492     0.19   0.852     .1682569    8.649623
         12  |   .9264399   .9380178    -0.08   0.940     .1273439    6.739946
         13  |   .7668447    .773226    -0.26   0.792     .1062729    5.533403
         14  |   1.049327   1.057424     0.05   0.962     .1455934    7.562758
         15  |   .8892054   .8958668    -0.12   0.907     .1234309    6.405902
         16  |   1.044963   1.050907     0.04   0.965     .1455652    7.501436
         17  |   .9498101   .9597908    -0.05   0.959     .1310662     6.88308
         18  |    1.05099   1.057109     0.05   0.961     .1463663    7.546677
         19  |   .9811649   .9905295    -0.02   0.985     .1356489    7.096885
         20  |    1.29818   1.310037     0.26   0.796     .1796218    9.382337
         21  |   .6402384   .6438552    -0.44   0.657     .0891932    4.595702
         22  |   .2713072   .3136659    -1.13   0.259     .0281425    2.615528
         23  |   .8896027   .8976752    -0.12   0.908     .1231035    6.428679
         24  |   .7342261   .8490035    -0.27   0.789     .0761316    7.081004
         25  |   .7888879   .8178781    -0.23   0.819     .1034031     6.01862
         26  |   .9713837    .977023    -0.03   0.977     .1352844    6.974835
         27  |    1.16136   1.167951     0.15   0.882     .1617837     8.33679
         28  |   1.164952   1.173194     0.15   0.879     .1618393     8.38556
         29  |   .9506175   .9588921    -0.05   0.960     .1316422    6.864621
         30  |   .9358193    .944979    -0.07   0.948      .129318    6.772125
         31  |   .5921999   .8384642    -0.37   0.711      .036923    9.498154
         32  |   1.210445   1.213936     0.19   0.849     .1695466    8.641743
             |
obese4cat_~g |
Obese I ..)  |   .7692295    .037006    -5.45   0.000     .7000135    .8452894
Obese II..)  |   .7624742   .0568374    -3.64   0.000     .6588306    .8824225
Obese II..)  |   .8124694   .0842064    -2.00   0.045     .6631111     .995469
             |
       smoke |
     Former  |   1.111126     .04595     2.55   0.011     1.024619    1.204937
    Current  |   1.496482    .097046     6.22   0.000     1.317867    1.699305
             |
htdiag_or_~p |   .9957122   .0416362    -0.10   0.918     .9173613    1.080755
chronic_re~e |   1.476739   .0589641     9.76   0.000     1.365578    1.596949
             |
   asthmacat |
Yes, no OCS  |   .8728329   .0472257    -2.51   0.012     .7850111    .9704796
Yes with ..  |   .7186762   .0650921    -3.65   0.000     .6017805    .8582789
             |
chronic_ca~e |   1.180063   .0443273     4.41   0.000     1.096305    1.270221
             |
     diabcat |
Controlle..  |   1.007005   .0446148     0.16   0.875     .9232502    1.098357
Uncontrol..  |   1.011226   .0591698     0.19   0.849     .9016583    1.134108
Diabetes,..  |   1.399903   .1682338     2.80   0.005     1.106126    1.771705
             |
cancer_exh~t |
  Last year  |   4.341624   .3007191    21.20   0.000     3.790482    4.972903
2-5 years..  |   1.966683   .1382149     9.62   0.000     1.713616    2.257123
   5+ years  |   1.324893   .0704759     5.29   0.000      1.19372    1.470481
             |
cancer_hae~t |
  Last year  |   2.856553     .50233     5.97   0.000     2.023751    4.032066
2-5 years..  |   2.559598    .306371     7.85   0.000     2.024357    3.236356
   5+ years  |   1.624053   .1889752     4.17   0.000     1.292868    2.040075
             |
reduced_ki~2 |
Stage 3a/..  |   1.099278   .0450822     2.31   0.021     1.014377    1.191286
Stage 4 e..  |   1.398376   .1179891     3.97   0.000     1.185231    1.649851
Stage 5 e..  |   2.128892   .2310769     6.96   0.000     1.720923    2.633576
             |
chronic_li~e |   1.995888   .2140105     6.45   0.000     1.617579    2.462673
      stroke |    1.21815   .0615588     3.90   0.000      1.10328    1.344981
    dementia |    1.79044   .0808384    12.90   0.000     1.638808    1.956102
 other_neuro |   1.483065   .1132901     5.16   0.000     1.276843    1.722593
organ_tran~t |   1.087567   .2192633     0.42   0.677      .732565    1.614604
      spleen |   1.302041   .3015451     1.14   0.254     .8269733     2.05002
ra_sle_pso~s |    1.17135   .0659071     2.81   0.005     1.049042    1.307917
other_immu~n |   .9954286   .2618781    -0.02   0.986     .5943953    1.667035
------------------------------------------------------------------------------

.         estimates save analysis/output/models/an_cox_DEATHvsflu_COMORBS_LSTYL
> E, replace
(note: file analysis/output/models/an_cox_DEATHvsflu_COMORBS_LSTYLE.ster not fo
> und)
file analysis/output/models/an_cox_DEATHvsflu_COMORBS_LSTYLE.ster saved

.         
.         stcox exposed age1 age2 age3 male i.stp i.ethnicity i.imd i.obese4cat
> _withmiss i.smoke htdiag chronic_respiratory_disease i.asthmacat chronic_card
> iac_disease i.diabcat i.cancer_exhaem_cat i.cancer_haem_cat i.reduced_kidney_
> function_cat2 chronic_liver_disease stroke dementia other_neuro organ_transpl
> ant spleen ra_sle_psoriasis other_immunosuppression 

         failure _d:  deathindicator
   analysis time _t:  (deathexit-origin)
             origin:  time entrydate
  enter on or after:  time entrydate

Iteration 0:   log likelihood = -34089.529
Iteration 1:   log likelihood = -33429.028
Iteration 2:   log likelihood = -32134.219
Iteration 3:   log likelihood = -32030.401
Iteration 4:   log likelihood =  -32025.05
Iteration 5:   log likelihood = -32025.022
Iteration 6:   log likelihood = -32025.022
Refining estimates:
Iteration 0:   log likelihood = -32025.022

Cox regression -- Breslow method for ties

No. of subjects =       37,552                  Number of obs    =      37,552
No. of failures =        3,322
Time at risk    =      9903553
                                                LR chi2(74)      =     4129.01
Log likelihood  =   -32025.022                  Prob > chi2      =      0.0000

------------------------------------------------------------------------------
          _t | Haz. Ratio   Std. Err.      z    P>|z|     [95% Conf. Interval]
-------------+----------------------------------------------------------------
     exposed |   1.393886   .1121134     4.13   0.000     1.190593    1.631891
        age1 |   1.083547   .0110841     7.84   0.000     1.062039    1.105491
        age2 |   .9577767   .0123123    -3.36   0.001     .9339466    .9822149
        age3 |    1.26414   .0726901     4.08   0.000     1.129405    1.414949
        male |   1.086029   .0395928     2.26   0.024     1.011136    1.166469
             |
         stp |
          2  |   1.123829   1.126911     0.12   0.907     .1574577    8.021147
          3  |    1.36914   1.374654     0.31   0.754     .1913453    9.796656
          4  |   1.086686   1.101882     0.08   0.935     .1489361    7.928817
          5  |   1.179824   1.207295     0.16   0.872     .1587802    8.766744
          6  |   1.248348   1.252042     0.22   0.825       .17483    8.913653
          7  |   .7937452   .8274058    -0.22   0.825     .1028922     6.12322
          8  |   1.157436    1.16257     0.15   0.884     .1616292    8.288464
          9  |   1.169603   1.180296     0.16   0.877     .1618286    8.453211
         10  |   1.257433   1.262634     0.23   0.820     .1756963    8.999262
         11  |   1.382481    1.38975     0.32   0.747     .1927447     9.91599
         12  |   1.051241   1.064643     0.05   0.961     .1444274    7.651652
         13  |   .8207559   .8276831    -0.20   0.845     .1137178     5.92379
         14  |   1.109238   1.117914     0.10   0.918     .1538743    7.996202
         15  |   .9713668   .9787485    -0.03   0.977     .1348072    6.999279
         16  |   1.091586   1.097899     0.09   0.931     .1520315    7.837587
         17  |    1.01741   1.028181     0.02   0.986     .1403728    7.374095
         18  |   1.162341   1.169275     0.15   0.881     .1618282    8.348589
         19  |   1.089864   1.100406     0.09   0.932     .1506388    7.885103
         20  |   1.378626   1.391506     0.32   0.750     .1906743    9.967832
         21  |   .7701741   .7749768    -0.26   0.795     .1071715    5.534756
         22  |   .3401847   .3935054    -0.93   0.351     .0352448    3.283477
         23  |   .9316205   .9405466    -0.07   0.944     .1287899    6.739011
         24  |   .8293473   .9591776    -0.16   0.871     .0859574    8.001832
         25  |     .81498    .845151    -0.20   0.844     .1067661    6.221002
         26  |   1.035071   1.041196     0.03   0.973     .1441226    7.433758
         27  |   1.234616   1.241876     0.21   0.834     .1719192    8.866232
         28  |   1.237927   1.246868     0.21   0.832     .1719276    8.913421
         29  |   1.013301   1.022279     0.01   0.990     .1402798    7.319509
         30  |   .9985092   1.008558    -0.00   0.999     .1379063    7.229696
         31  |   .6523871   .9238503    -0.30   0.763     .0406549    10.46883
         32  |   1.250608   1.254214     0.22   0.824     .1751724    8.928467
             |
   ethnicity |
      Mixed  |   1.056303   .2515435     0.23   0.818     .6623495    1.684574
Asian or ..  |   .5636962   .0566777    -5.70   0.000     .4628707    .6864842
      Black  |   .6395098   .1113991    -2.57   0.010     .4545405      .89975
      Other  |   .6816666   .1477604    -1.77   0.077     .4457205    1.042513
             |
         imd |
          2  |    1.02695   .0553385     0.49   0.622     .9240201    1.141346
          3  |   1.007101   .0561711     0.13   0.899     .9028117    1.123437
          4  |   1.161812   .0646855     2.69   0.007     1.041703    1.295769
5 most de..  |   1.096256    .064041     1.57   0.116     .9776571    1.229242
             |
obese4cat_~g |
Obese I ..)  |   .7613109   .0367828    -5.64   0.000     .6925261    .8369278
Obese II..)  |   .7394269   .0554832    -4.02   0.000     .6383002    .8565751
Obese II..)  |   .7870422   .0818205    -2.30   0.021     .6419594    .9649137
             |
       smoke |
     Former  |   1.064769   .0445316     1.50   0.133     .9809698    1.155726
    Current  |   1.398265   .0920612     5.09   0.000     1.228985    1.590861
             |
htdiag_or_~p |   .9966588   .0418113    -0.08   0.936     .9179888    1.082071
chronic_re~e |   1.456667   .0585018     9.37   0.000     1.346403    1.575962
             |
   asthmacat |
Yes, no OCS  |   .8793632   .0476181    -2.37   0.018     .7908155    .9778256
Yes with ..  |   .7207899    .065561    -3.60   0.000     .6030951     .861453
             |
chronic_ca~e |   1.180151   .0445001     4.39   0.000     1.096078    1.270674
             |
     diabcat |
Controlle..  |   1.044758   .0466326     0.98   0.327     .9572437    1.140273
Uncontrol..  |   1.045452   .0617709     0.75   0.452     .9311305    1.173809
Diabetes,..  |     1.4253   .1713974     2.95   0.003      1.12602    1.804124
             |
cancer_exh~t |
  Last year  |   4.294411   .2983678    20.98   0.000      3.74769    4.920888
2-5 years..  |   1.957195   .1377617     9.54   0.000     1.704984    2.246714
   5+ years  |    1.31043   .0699091     5.07   0.000     1.180331    1.454869
             |
cancer_hae~t |
  Last year  |   2.805713   .4941593     5.86   0.000     1.986664    3.962435
2-5 years..  |   2.542895   .3045656     7.79   0.000     2.010847    3.215718
   5+ years  |   1.571893   .1841747     3.86   0.000     1.249366     1.97768
             |
reduced_ki~2 |
Stage 3a/..  |   1.106893   .0455403     2.47   0.014     1.021139    1.199847
Stage 4 e..  |   1.385346   .1175991     3.84   0.000      1.17301     1.63612
Stage 5 e..  |   2.161918   .2345678     7.11   0.000     1.747769    2.674203
             |
chronic_li~e |   1.976584   .2122068     6.35   0.000     1.601511    2.439498
      stroke |   1.226076   .0620074     4.03   0.000     1.110373    1.353836
    dementia |   1.788777   .0809745    12.85   0.000     1.636907    1.954738
 other_neuro |   1.456697   .1117139     4.91   0.000     1.253403    1.692964
organ_tran~t |   1.104961   .2225723     0.50   0.620     .7445427    1.639852
      spleen |   1.289015   .2987222     1.10   0.273     .8184588    2.030109
ra_sle_pso~s |   1.170607   .0660123     2.79   0.005     1.048119     1.30741
other_immu~n |   .9761744   .2573067    -0.09   0.927     .5823202    1.636413
------------------------------------------------------------------------------

.         estimates save analysis/output/models/an_cox_DEATHvsflu_COMORBS_LSTYL
> E_ETHIMD, replace
(note: file analysis/output/models/an_cox_DEATHvsflu_COMORBS_LSTYLE_ETHIMD.ster
>  not found)
file analysis/output/models/an_cox_DEATHvsflu_COMORBS_LSTYLE_ETHIMD.ster saved

. 
.         gen exposedperiod = exposed

.         assert year(entrydate)== 2020 if exposed==1 /*otherwise next line doe
> sn't work*/

.         replace exposedperiod = 2 if exposed==1 & monthentry>9
(10,888 real changes made)

.         label define exposedperiodlab 1 "pre-may 2020" 2 "sept 2020 onwards"

.         label values exposedperiod exposedperiodlab

.         stcox i.exposedperiod age1 age2 age3 male i.stp 

         failure _d:  deathindicator
   analysis time _t:  (deathexit-origin)
             origin:  time entrydate
  enter on or after:  time entrydate

Iteration 0:   log likelihood =  -36565.08
Iteration 1:   log likelihood = -35514.245
Iteration 2:   log likelihood = -34883.308
Iteration 3:   log likelihood = -34870.788
Iteration 4:   log likelihood = -34870.693
Iteration 5:   log likelihood = -34870.693
Refining estimates:
Iteration 0:   log likelihood = -34870.693

Cox regression -- Breslow method for ties

No. of subjects =       40,642                  Number of obs    =      40,642
No. of failures =        3,535
Time at risk    =     10732237
                                                LR chi2(37)      =     3388.77
Log likelihood  =   -34870.693                  Prob > chi2      =      0.0000

------------------------------------------------------------------------------
          _t | Haz. Ratio   Std. Err.      z    P>|z|     [95% Conf. Interval]
-------------+----------------------------------------------------------------
exposedper~d |
pre-may 2..  |   1.281495   .1019916     3.12   0.002     1.096406    1.497829
sept 2020..  |   1.192095   .1057156     1.98   0.048     1.001903     1.41839
             |
        age1 |   1.109684   .0111817    10.33   0.000     1.087983    1.131818
        age2 |   .9537132   .0120634    -3.75   0.000       .93036    .9776526
        age3 |   1.218485   .0688105     3.50   0.000     1.090815    1.361098
        male |   1.170386   .0399288     4.61   0.000     1.094686    1.251321
             |
         stp |
          2  |   1.162679   1.164124     0.15   0.880     .1633804    8.274073
          3  |   1.516505   1.520145     0.42   0.678     .2126178    10.81654
          4  |   1.212243    1.22605     0.19   0.849     .1669911    8.800071
          5  |   1.281459   1.308007     0.24   0.808     .1733279    9.474158
          6  |    1.41019   1.412256     0.34   0.731     .1980748    10.03983
          7  |   .8112984   .8444761    -0.20   0.841     .1054799    6.240101
          8  |   1.186633   1.190015     0.17   0.865     .1662222    8.471176
          9  |   1.271068   1.280599     0.24   0.812      .176435     9.15699
         10  |   1.320463   1.323759     0.28   0.782     .1850971    9.420038
         11  |   1.346119   1.350569     0.30   0.767     .1883944    9.618314
         12  |    .943153    .953632    -0.06   0.954      .129994    6.842914
         13  |   .8556947    .861276    -0.15   0.877      .119005    6.152795
         14  |   1.246601   1.253807     0.22   0.827     .1736224    8.950544
         15  |   .9528018   .9582742    -0.05   0.962     .1327126    6.840581
         16  |   1.123873   1.128414     0.12   0.907     .1570641    8.041882
         17  |   1.195621    1.20547     0.18   0.859     .1657219    8.625956
         18  |    1.29641   1.301524     0.26   0.796     .1812104    9.274738
         19  |   1.118442   1.126596     0.11   0.912     .1553126    8.054162
         20  |   1.340937   1.350233     0.29   0.771     .1863396    9.649644
         21  |   .7035127   .7062422    -0.35   0.726     .0983485    5.032409
         22  |   .2713744   .3133785    -1.13   0.259     .0282238    2.609287
         23  |   .9885892   .9957856    -0.01   0.991     .1372834    7.118914
         24  |   1.067307   1.193422     0.06   0.954     .1192635    9.551486
         25  |   .9934246   1.024093    -0.01   0.995     .1317213    7.492277
         26  |   1.074759   1.079124     0.07   0.943     .1501937    7.690775
         27  |   1.202853   1.207845     0.18   0.854     .1680654    8.608882
         28  |   1.245933   1.252789     0.22   0.827     .1736239     8.94087
         29  |   1.116476   1.123689     0.11   0.913     .1552919    8.026944
         30  |   .9212264   .9288451    -0.08   0.935     .1276807    6.646723
         31  |   .4949893   .7000613    -0.50   0.619      .030956    7.914919
         32  |   1.381755   1.383668     0.32   0.747     .1941116    9.835827
------------------------------------------------------------------------------

.         
.         keep if entryd>=d(1/1/2019)
(9,369 observations deleted)

. 
.         *denom covid
.         safecount if group==1 & _d==1
  2,022

.         local denomcov = r(N)

.         *covid deaths in the covid group
.         safecount if died_cause_ons=="U071"|died_cause_ons=="U072" & group==1
>  & _d==1
  597

.         if r(N) == . di "% < " 100*5/`denomcov'

.         else di "% = " 100*r(N)/`denomcov'
% = 29.525223

.         *pneumonia deaths in covid group
.         safecount if substr(died_cause_ons, 1, 1) == "J" &  real(substr(died_
> cause_ons, 2, 2))>=12 &  real(substr(died_cause_ons, 2, 2))<=18 & group==1 & 
> _d==1
  51

.                 if r(N) == . di "% < " 100*5/`denomcov'

.         else di "% = " 100*r(N)/`denomcov'
% = 2.5222552

.         
.         *denomflu
.         safecount if group==2 & _d==1
  558

.         local denomflu = r(N)

.         *influenza deaths in inflenza group
.         safecount if substr(died_cause_ons, 1, 1) == "J" &  real(substr(died_
> cause_ons, 2, 2))>=09 &  real(substr(died_cause_ons, 2, 2))<=11 & group==2 & 
> _d==1

** COUNT <=5 **

.         if r(N) == . di "% < " 100*5/`denomflu'
% < .89605735

.         else di "% = " 100*r(N)/`denomflu'

.         *pneumonia deaths in inflenza group
.         safecount if substr(died_cause_ons, 1, 1) == "J" &  real(substr(died_
> cause_ons, 2, 2))>=12 &  real(substr(died_cause_ons, 2, 2))<=18 & group==2 & 
> _d==1
  19

.         if r(N) == . di "% < " 100*5/`denomflu'

.         else di "% = " 100*r(N)/`denomflu'
% = 3.4050179

.         
. restore

. 
. *vs 2019 general pop controls
. preserve

.         include analysis/stsetfordeath1ocare.doi

. 
. *all use 1ocare
. 
. *Code chunk for looking at death outcome
. 
. cap drop deathexit

. cap drop deathindicator

. cap drop deathfup

. 
. summ died_date_ons, f d

                        died_date_ons
-------------------------------------------------------------
      Percentiles      Smallest
 1%    07mar2019      01feb2019
 5%    23may2019      01feb2019
10%    05aug2019      01feb2019       Obs              11,865
25%    07jan2020      01feb2019       Sum of Wgt.      11,865

50%    09jun2020                      Mean          29may2020
                        Largest       Std. Dev.      200.8664
75%    25nov2020      08apr2021
90%    31jan2021      09apr2021       Variance       40347.29
95%    27feb2021      09apr2021       Skewness      -.4143459
99%    30mar2021      10apr2021       Kurtosis       2.221716

. scalar deathcensor = r(max)-30

. gen deathexit = died_date_1ocare if died_date_1ocare<deathcensor 
(152,421 missing values generated)

. gen deathindicator = died_date_1ocare<(dereg_date) 

. 
. replace deathexit = min(deathcensor, dereg_date) if deathexit==. 
(152,421 real changes made)

. 
. gen deathfup = deathexit-entrydate

. summ deathfup if group==1

    Variable |        Obs        Mean    Std. Dev.       Min        Max
-------------+---------------------------------------------------------
    deathfup |     24,673    200.0443    106.8168        -92        386

. local maxfupexposed = r(max)

. replace deathindicator = 0 if deathexit>(entrydate + `maxfupexposed')
(4,468 real changes made)

. replace deathexit = entrydate + r(max) if deathexit>(entrydate + `maxfupexpos
> ed')
(131,824 real changes made)

. stset deathexit, enter(entrydate) fail(deathindicator) origin(entrydate)

     failure event:  deathindicator != 0 & deathindicator < .
obs. time interval:  (origin, deathexit]
 enter on or after:  time entrydate
 exit on or before:  failure
    t for analysis:  (time-origin)
            origin:  time entrydate

------------------------------------------------------------------------------
    164,093  total observations
        119  observations end on or before enter()
------------------------------------------------------------------------------
    163,974  observations remaining, representing
      7,439  failures in single-record/single-failure data
   57299935  total analysis time at risk and under observation
                                                at risk from t =         0
                                     earliest observed entry t =         0
                                          last observed exit t =       386

. 
.         keep if group==1|group==4
(16,058 observations deleted)

.         
.         stcox exposed, strata(setid)

         failure _d:  deathindicator
   analysis time _t:  (deathexit-origin)
             origin:  time entrydate
  enter on or after:  time entrydate

Iteration 0:   log likelihood = -9938.5578
Iteration 1:   log likelihood = -8936.6167
Iteration 2:   log likelihood = -8609.9481
Iteration 3:   log likelihood = -8598.4709
Iteration 4:   log likelihood = -8598.4707
Refining estimates:
Iteration 0:   log likelihood = -8598.4707

Stratified Cox regr. -- no ties

No. of subjects =      147,932                  Number of obs    =     147,932
No. of failures =        5,926
Time at risk    =     51503613
                                                LR chi2(1)       =     2680.17
Log likelihood  =   -8598.4707                  Prob > chi2      =      0.0000

------------------------------------------------------------------------------
          _t | Haz. Ratio   Std. Err.      z    P>|z|     [95% Conf. Interval]
-------------+----------------------------------------------------------------
     exposed |   5.864853   .1938932    53.51   0.000      5.49688    6.257459
------------------------------------------------------------------------------
                                                           Stratified by setid

.         estimates save analysis/output/models/an_cox_DEATHvs2019gp_MINADJ, re
> place
(note: file analysis/output/models/an_cox_DEATHvs2019gp_MINADJ.ster not found)
file analysis/output/models/an_cox_DEATHvs2019gp_MINADJ.ster saved

.         
.         stcox exposed htdiag chronic_respiratory_disease i.asthmacat chronic_
> cardiac_disease i.diabcat i.cancer_exhaem_cat i.cancer_haem_cat i.reduced_kid
> ney_function_cat2 chronic_liver_disease stroke dementia other_neuro organ_tra
> nsplant spleen ra_sle_psoriasis other_immunosuppression, strata(setid)

         failure _d:  deathindicator
   analysis time _t:  (deathexit-origin)
             origin:  time entrydate
  enter on or after:  time entrydate

Iteration 0:   log likelihood = -9938.5578
Iteration 1:   log likelihood = -7992.2202
Iteration 2:   log likelihood =  -7789.903
Iteration 3:   log likelihood = -7786.5976
Iteration 4:   log likelihood = -7786.5963
Refining estimates:
Iteration 0:   log likelihood = -7786.5963

Stratified Cox regr. -- no ties

No. of subjects =      147,932                  Number of obs    =     147,932
No. of failures =        5,926
Time at risk    =     51503613
                                                LR chi2(26)      =     4303.92
Log likelihood  =   -7786.5963                  Prob > chi2      =      0.0000

------------------------------------------------------------------------------
          _t | Haz. Ratio   Std. Err.      z    P>|z|     [95% Conf. Interval]
-------------+----------------------------------------------------------------
     exposed |   4.776251   .1701889    43.88   0.000     4.454069    5.121739
htdiag_or_~p |   .8746409   .0336981    -3.48   0.001      .811026    .9432457
chronic_re~e |   1.749475   .0731926    13.37   0.000     1.611744    1.898975
             |
   asthmacat |
Yes, no OCS  |   .8884402   .0484192    -2.17   0.030      .798433    .9885938
Yes with ..  |     .85761   .0903977    -1.46   0.145     .6975376    1.054416
             |
chronic_ca~e |   1.385019    .049275     9.16   0.000     1.291732    1.485043
             |
     diabcat |
Controlle..  |   1.136842   .0478996     3.04   0.002     1.046733    1.234709
Uncontrol..  |   1.304098   .0828301     4.18   0.000     1.151452    1.476979
Diabetes,..  |   1.302205   .1802082     1.91   0.056     .9928511    1.707948
             |
cancer_exh~t |
  Last year  |   5.151867   .4785597    17.65   0.000     4.294337    6.180637
2-5 years..  |   2.443662   .1669213    13.08   0.000     2.137457    2.793733
   5+ years  |   1.343422   .0652505     6.08   0.000     1.221432    1.477596
             |
cancer_hae~t |
  Last year  |   4.711092   1.233612     5.92   0.000      2.81989    7.870657
2-5 years..  |   2.354976   .4386821     4.60   0.000     1.634654    3.392715
   5+ years  |   1.417887   .1992967     2.48   0.013     1.076459    1.867607
             |
reduced_ki~2 |
Stage 3a/..  |   1.079419   .0400844     2.06   0.040     1.003646    1.160913
Stage 4 e..  |   1.746254   .1327855     7.33   0.000     1.504464    2.026903
Stage 5 e..  |   3.125172   .5223007     6.82   0.000     2.252242    4.336434
             |
chronic_li~e |   2.462881   .3582157     6.20   0.000     1.851995     3.27527
      stroke |   1.334257    .070809     5.43   0.000     1.202448    1.480515
    dementia |   2.581712   .1117675    21.91   0.000     2.371688    2.810335
 other_neuro |   2.204298   .1867506     9.33   0.000     1.867048    2.602466
organ_tran~t |    3.04812   1.304021     2.61   0.009     1.317887    7.049949
      spleen |   1.189087   .3472206     0.59   0.553     .6708996     2.10751
ra_sle_pso~s |   1.058098   .0643071     0.93   0.353     .9392764    1.191952
other_immu~n |   1.923008   .5825983     2.16   0.031     1.061939    3.482273
------------------------------------------------------------------------------
                                                           Stratified by setid

.         estimates save analysis/output/models/an_cox_DEATHvs2019gp_COMORBS, r
> eplace
(note: file analysis/output/models/an_cox_DEATHvs2019gp_COMORBS.ster not found)
file analysis/output/models/an_cox_DEATHvs2019gp_COMORBS.ster saved

.         
.         stcox exposed i.obese4cat_withmiss i.smoke htdiag chronic_respiratory
> _disease i.asthmacat chronic_cardiac_disease i.diabcat i.cancer_exhaem_cat i.
> cancer_haem_cat i.reduced_kidney_function_cat2 chronic_liver_disease stroke d
> ementia other_neuro organ_transplant spleen ra_sle_psoriasis other_immunosupp
> ression, strata(setid)

         failure _d:  deathindicator
   analysis time _t:  (deathexit-origin)
             origin:  time entrydate
  enter on or after:  time entrydate

Iteration 0:   log likelihood = -9134.4842
Iteration 1:   log likelihood = -7238.8846
Iteration 2:   log likelihood =  -7090.023
Iteration 3:   log likelihood = -7088.4265
Iteration 4:   log likelihood = -7088.4262
Refining estimates:
Iteration 0:   log likelihood = -7088.4262

Stratified Cox regr. -- no ties

No. of subjects =      136,817                  Number of obs    =     136,817
No. of failures =        5,614
Time at risk    =     47586289
                                                LR chi2(31)      =     4092.12
Log likelihood  =   -7088.4262                  Prob > chi2      =      0.0000

------------------------------------------------------------------------------
          _t | Haz. Ratio   Std. Err.      z    P>|z|     [95% Conf. Interval]
-------------+----------------------------------------------------------------
     exposed |   4.789155   .1786235    42.00   0.000      4.45155    5.152365
             |
obese4cat_~g |
Obese I ..)  |   .8488382   .0416068    -3.34   0.001     .7710851    .9344316
Obese II..)  |   1.055225   .0840746     0.67   0.500     .9026636    1.233571
Obese II..)  |   1.221163   .1498847     1.63   0.104     .9600583    1.553279
             |
       smoke |
     Former  |   1.140225   .0437332     3.42   0.001     1.057652    1.229244
    Current  |   1.810771     .12441     8.64   0.000     1.582637     2.07179
             |
htdiag_or_~p |   .8742493     .03561    -3.30   0.001     .8071683    .9469051
chronic_re~e |   1.639757   .0721613    11.24   0.000     1.504252    1.787469
             |
   asthmacat |
Yes, no OCS  |   .9107502   .0511708    -1.66   0.096     .8157822    1.016774
Yes with ..  |   .8778753    .095233    -1.20   0.230     .7097304    1.085856
             |
chronic_ca~e |   1.384028    .050973     8.82   0.000     1.287643    1.487627
             |
     diabcat |
Controlle..  |   1.135143   .0495712     2.90   0.004     1.042027     1.23658
Uncontrol..  |     1.3319   .0879277     4.34   0.000     1.170249    1.515882
Diabetes,..  |   1.379488   .1997431     2.22   0.026     1.038647    1.832178
             |
cancer_exh~t |
  Last year  |   5.081462   .4895635    16.87   0.000     4.207085    6.137564
2-5 years..  |   2.443577   .1723095    12.67   0.000     2.128156    2.805749
   5+ years  |   1.370896   .0690389     6.26   0.000     1.242046    1.513113
             |
cancer_hae~t |
  Last year  |   4.237982   1.151296     5.32   0.000     2.488402    7.217681
2-5 years..  |   2.255834   .4278107     4.29   0.000     1.555535    3.271406
   5+ years  |   1.495054    .215955     2.78   0.005     1.126429    1.984311
             |
reduced_ki~2 |
Stage 3a/..  |   1.081545   .0418585     2.03   0.043     1.002538    1.166778
Stage 4 e..  |   1.726046   .1363305     6.91   0.000     1.478498    2.015041
Stage 5 e..  |   3.312874   .5737013     6.92   0.000     2.359389    4.651685
             |
chronic_li~e |   2.239524   .3386863     5.33   0.000     1.665051    3.012203
      stroke |   1.342804   .0739121     5.36   0.000      1.20548    1.495772
    dementia |   2.613442   .1182045    21.24   0.000     2.391737    2.855697
 other_neuro |    2.14701   .1907366     8.60   0.000      1.80391    2.555368
organ_tran~t |   2.860908   1.283731     2.34   0.019     1.187292    6.893667
      spleen |   1.093137     .32742     0.30   0.766     .6077434    1.966207
ra_sle_pso~s |   1.021631   .0642368     0.34   0.734     .9031784     1.15562
other_immu~n |   1.779205   .5595836     1.83   0.067      .960532    3.295643
------------------------------------------------------------------------------
                                                           Stratified by setid

.         estimates save analysis/output/models/an_cox_DEATHvs2019gp_COMORBS_LS
> TYLE, replace
(note: file analysis/output/models/an_cox_DEATHvs2019gp_COMORBS_LSTYLE.ster not
>  found)
file analysis/output/models/an_cox_DEATHvs2019gp_COMORBS_LSTYLE.ster saved

.         
.         stcox exposed i.ethnicity i.imd i.obese4cat_withmiss i.smoke htdiag c
> hronic_respiratory_disease i.asthmacat chronic_cardiac_disease i.diabcat i.ca
> ncer_exhaem_cat i.cancer_haem_cat i.reduced_kidney_function_cat2 chronic_live
> r_disease stroke dementia other_neuro organ_transplant spleen ra_sle_psoriasi
> s other_immunosuppression, strata(setid) 

         failure _d:  deathindicator
   analysis time _t:  (deathexit-origin)
             origin:  time entrydate
  enter on or after:  time entrydate

Iteration 0:   log likelihood = -6325.1369
Iteration 1:   log likelihood = -4664.3663
Iteration 2:   log likelihood = -4624.3874
Iteration 3:   log likelihood = -4624.3504
Iteration 4:   log likelihood = -4624.3504
Refining estimates:
Iteration 0:   log likelihood = -4624.3504

Stratified Cox regr. -- no ties

No. of subjects =      110,324                  Number of obs    =     110,324
No. of failures =        4,594
Time at risk    =     37640659
                                                LR chi2(39)      =     3401.57
Log likelihood  =   -4624.3504                  Prob > chi2      =      0.0000

------------------------------------------------------------------------------
          _t | Haz. Ratio   Std. Err.      z    P>|z|     [95% Conf. Interval]
-------------+----------------------------------------------------------------
     exposed |   4.972179   .2093238    38.10   0.000     4.578382    5.399848
             |
   ethnicity |
      Mixed  |   .5768475   .1884194    -1.68   0.092     .3041079    1.094194
Asian or ..  |   1.000742   .1085939     0.01   0.995     .8090128     1.23791
      Black  |   .7769188      .1393    -1.41   0.159     .5467098    1.104064
      Other  |   1.099268   .2564979     0.41   0.685     .6958058    1.736676
             |
         imd |
          2  |   1.157117   .0759051     2.22   0.026     1.017513    1.315876
          3  |   1.146637   .0767488     2.04   0.041     1.005661    1.307375
          4  |    1.19035   .0787779     2.63   0.008     1.045543    1.355213
5 most de..  |   1.351175   .0904922     4.49   0.000     1.184961    1.540704
             |
obese4cat_~g |
Obese I ..)  |   .8443162    .049624    -2.88   0.004     .7524478    .9474009
Obese II..)  |   1.041488   .0978774     0.43   0.665     .8662832    1.252129
Obese II..)  |   1.030707    .152754     0.20   0.838     .7708758    1.378116
             |
       smoke |
     Former  |   1.123577   .0524357     2.50   0.013     1.025365    1.231196
    Current  |    1.76018   .1465652     6.79   0.000     1.495133    2.072212
             |
htdiag_or_~p |   .8784494   .0435389    -2.61   0.009     .7971285    .9680663
chronic_re~e |   1.645846   .0864654     9.48   0.000      1.48481    1.824347
             |
   asthmacat |
Yes, no OCS  |    .912577   .0609087    -1.37   0.170     .8006767    1.040116
Yes with ..  |   .8242106   .1036805    -1.54   0.124     .6441135    1.054664
             |
chronic_ca~e |   1.393295   .0619214     7.46   0.000     1.277067    1.520101
             |
     diabcat |
Controlle..  |    1.15968   .0612749     2.80   0.005     1.045593    1.286215
Uncontrol..  |   1.377787   .1087179     4.06   0.000     1.180363     1.60823
Diabetes,..  |   1.252071   .2244119     1.25   0.210     .8811826    1.779066
             |
cancer_exh~t |
  Last year  |   5.586349   .6792917    14.15   0.000     4.401728    7.089782
2-5 years..  |   2.463127   .2096493    10.59   0.000     2.084667    2.910294
   5+ years  |   1.442612    .087845     6.02   0.000     1.280316     1.62548
             |
cancer_hae~t |
  Last year  |   5.014586   1.673372     4.83   0.000     2.607284    9.644547
2-5 years..  |   2.577958   .5860905     4.17   0.000     1.651041    4.025259
   5+ years  |   1.338778   .2348485     1.66   0.096      .949272    1.888106
             |
reduced_ki~2 |
Stage 3a/..  |   1.098581   .0517755     1.99   0.046     1.001649    1.204894
Stage 4 e..  |   1.853786   .1829488     6.25   0.000      1.52776    2.249386
Stage 5 e..  |   3.122431   .6663988     5.33   0.000     2.055071    4.744155
             |
chronic_li~e |   2.324886   .4095104     4.79   0.000     1.646149    3.283478
      stroke |   1.344618   .0883213     4.51   0.000     1.182191    1.529362
    dementia |   2.634417   .1459813    17.48   0.000     2.363289    2.936651
 other_neuro |   2.265837   .2416712     7.67   0.000     1.838402    2.792651
organ_tran~t |   2.317932   1.151855     1.69   0.091     .8752079    6.138894
      spleen |   1.292834   .4248185     0.78   0.434     .6789568    2.461745
ra_sle_pso~s |     .98297   .0748958    -0.23   0.822     .8466119     1.14129
other_immu~n |   2.128194   .7682593     2.09   0.036     1.048902    4.318048
------------------------------------------------------------------------------
                                                           Stratified by setid

.         estimates save analysis/output/models/an_cox_DEATHvs2019gp_COMORBS_LS
> TYLE_ETHIMD, replace
(note: file analysis/output/models/an_cox_DEATHvs2019gp_COMORBS_LSTYLE_ETHIMD.s
> ter not found)
file analysis/output/models/an_cox_DEATHvs2019gp_COMORBS_LSTYLE_ETHIMD.ster sav
> ed

. 
. restore

. 
. log close
      name:  <unnamed>
       log:  /workspace/analysis/output/an_cox.log
  log type:  text
 closed on:   6 May 2021, 16:06:53
-------------------------------------------------------------------------------
